ERROR - 2026-03-26 18:39:02 --> Error connecting to the database: mysqli_sql_exception: Access denied for user 'root'@'localhost' (using password: YES) in C:\xampp\htdocs\ci_auth_project\system\Database\MySQLi\Connection.php:201
Stack trace:
#0 C:\xampp\htdocs\ci_auth_project\system\Database\MySQLi\Connection.php(201): mysqli->real_connect('localhost', 'root', Object(SensitiveParameterValue), 'ci_auth_db', 3306, '', 0)
#1 C:\xampp\htdocs\ci_auth_project\system\Database\BaseConnection.php(555): CodeIgniter\Database\MySQLi\Connection->connect(false)
#2 C:\xampp\htdocs\ci_auth_project\system\Database\BaseConnection.php(795): CodeIgniter\Database\BaseConnection->initialize()
#3 C:\xampp\htdocs\ci_auth_project\system\Database\BaseBuilder.php(2345): CodeIgniter\Database\BaseConnection->query('INSERT INTO `au...', Array, false)
#4 C:\xampp\htdocs\ci_auth_project\system\Model.php(355): CodeIgniter\Database\BaseBuilder->insert()
#5 C:\xampp\htdocs\ci_auth_project\system\BaseModel.php(899): CodeIgniter\Model->doInsert(Array)
#6 C:\xampp\htdocs\ci_auth_project\system\Model.php(668): CodeIgniter\BaseModel->insert(Array, true)
#7 C:\xampp\htdocs\ci_auth_project\app\Controllers\AuthController.php(21): CodeIgniter\Model->insert(Array)
#8 C:\xampp\htdocs\ci_auth_project\system\CodeIgniter.php(951): App\Controllers\AuthController->register()
#9 C:\xampp\htdocs\ci_auth_project\system\CodeIgniter.php(497): CodeIgniter\CodeIgniter->runController(Object(App\Controllers\AuthController))
#10 C:\xampp\htdocs\ci_auth_project\system\CodeIgniter.php(340): CodeIgniter\CodeIgniter->handleRequest(NULL, Object(Config\Cache), false)
#11 C:\xampp\htdocs\ci_auth_project\system\Boot.php(417): CodeIgniter\CodeIgniter->run()
#12 C:\xampp\htdocs\ci_auth_project\system\Boot.php(68): CodeIgniter\Boot::runCodeIgniter(Object(CodeIgniter\CodeIgniter))
#13 C:\xampp\htdocs\ci_auth_project\public\index.php(59): CodeIgniter\Boot::bootWeb(Object(Config\Paths))
#14 {main}

Next CodeIgniter\Database\Exceptions\DatabaseException: Access denied for user '****'@'localhost' (using password: YES) in C:\xampp\htdocs\ci_auth_project\system\Database\MySQLi\Connection.php:231
Stack trace:
#0 C:\xampp\htdocs\ci_auth_project\system\Database\BaseConnection.php(555): CodeIgniter\Database\MySQLi\Connection->connect(false)
#1 C:\xampp\htdocs\ci_auth_project\system\Database\BaseConnection.php(795): CodeIgniter\Database\BaseConnection->initialize()
#2 C:\xampp\htdocs\ci_auth_project\system\Database\BaseBuilder.php(2345): CodeIgniter\Database\BaseConnection->query('INSERT INTO `au...', Array, false)
#3 C:\xampp\htdocs\ci_auth_project\system\Model.php(355): CodeIgniter\Database\BaseBuilder->insert()
#4 C:\xampp\htdocs\ci_auth_project\system\BaseModel.php(899): CodeIgniter\Model->doInsert(Array)
#5 C:\xampp\htdocs\ci_auth_project\system\Model.php(668): CodeIgniter\BaseModel->insert(Array, true)
#6 C:\xampp\htdocs\ci_auth_project\app\Controllers\AuthController.php(21): CodeIgniter\Model->insert(Array)
#7 C:\xampp\htdocs\ci_auth_project\system\CodeIgniter.php(951): App\Controllers\AuthController->register()
#8 C:\xampp\htdocs\ci_auth_project\system\CodeIgniter.php(497): CodeIgniter\CodeIgniter->runController(Object(App\Controllers\AuthController))
#9 C:\xampp\htdocs\ci_auth_project\system\CodeIgniter.php(340): CodeIgniter\CodeIgniter->handleRequest(NULL, Object(Config\Cache), false)
#10 C:\xampp\htdocs\ci_auth_project\system\Boot.php(417): CodeIgniter\CodeIgniter->run()
#11 C:\xampp\htdocs\ci_auth_project\system\Boot.php(68): CodeIgniter\Boot::runCodeIgniter(Object(CodeIgniter\CodeIgniter))
#12 C:\xampp\htdocs\ci_auth_project\public\index.php(59): CodeIgniter\Boot::bootWeb(Object(Config\Paths))
#13 {main}
CRITICAL - 2026-03-26 18:39:02 --> CodeIgniter\Database\Exceptions\DatabaseException: Unable to connect to the database.
Main connection [MySQLi]: Access denied for user '****'@'localhost' (using password: YES)
[Method: POST, Route: api/register]
in SYSTEMPATH\Database\BaseConnection.php on line 606.
 1 SYSTEMPATH\Database\BaseConnection.php(795): CodeIgniter\Database\BaseConnection->initialize()
 2 SYSTEMPATH\Database\BaseBuilder.php(2345): CodeIgniter\Database\BaseConnection->query('INSERT INTO `auth_user` (`email`, `first_name`, `last_name`, `password`, `created_at`) VALUES (:email:, :first_name:, :last_name:, :password:, :created_at:)', [...], false)
 3 SYSTEMPATH\Model.php(355): CodeIgniter\Database\BaseBuilder->insert()
 4 SYSTEMPATH\BaseModel.php(899): CodeIgniter\Model->doInsert([...])
 5 SYSTEMPATH\Model.php(668): CodeIgniter\BaseModel->insert([...], true)
 6 APPPATH\Controllers\AuthController.php(21): CodeIgniter\Model->insert([...])
 7 SYSTEMPATH\CodeIgniter.php(951): App\Controllers\AuthController->register()
 8 SYSTEMPATH\CodeIgniter.php(497): CodeIgniter\CodeIgniter->runController(Object(App\Controllers\AuthController))
 9 SYSTEMPATH\CodeIgniter.php(340): CodeIgniter\CodeIgniter->handleRequest(null, Object(Config\Cache), false)
10 SYSTEMPATH\Boot.php(417): CodeIgniter\CodeIgniter->run()
11 SYSTEMPATH\Boot.php(68): CodeIgniter\Boot::runCodeIgniter(Object(CodeIgniter\CodeIgniter))
12 FCPATH\index.php(59): CodeIgniter\Boot::bootWeb(Object(Config\Paths))
ERROR - 2026-03-26 18:39:27 --> Error connecting to the database: mysqli_sql_exception: Access denied for user 'root'@'localhost' (using password: YES) in C:\xampp\htdocs\ci_auth_project\system\Database\MySQLi\Connection.php:201
Stack trace:
#0 C:\xampp\htdocs\ci_auth_project\system\Database\MySQLi\Connection.php(201): mysqli->real_connect('localhost', 'root', Object(SensitiveParameterValue), 'ci_auth_db', 3306, '', 0)
#1 C:\xampp\htdocs\ci_auth_project\system\Database\BaseConnection.php(555): CodeIgniter\Database\MySQLi\Connection->connect(false)
#2 C:\xampp\htdocs\ci_auth_project\system\Database\BaseConnection.php(795): CodeIgniter\Database\BaseConnection->initialize()
#3 C:\xampp\htdocs\ci_auth_project\system\Database\BaseBuilder.php(2345): CodeIgniter\Database\BaseConnection->query('INSERT INTO `au...', Array, false)
#4 C:\xampp\htdocs\ci_auth_project\system\Model.php(355): CodeIgniter\Database\BaseBuilder->insert()
#5 C:\xampp\htdocs\ci_auth_project\system\BaseModel.php(899): CodeIgniter\Model->doInsert(Array)
#6 C:\xampp\htdocs\ci_auth_project\system\Model.php(668): CodeIgniter\BaseModel->insert(Array, true)
#7 C:\xampp\htdocs\ci_auth_project\app\Controllers\AuthController.php(21): CodeIgniter\Model->insert(Array)
#8 C:\xampp\htdocs\ci_auth_project\system\CodeIgniter.php(951): App\Controllers\AuthController->register()
#9 C:\xampp\htdocs\ci_auth_project\system\CodeIgniter.php(497): CodeIgniter\CodeIgniter->runController(Object(App\Controllers\AuthController))
#10 C:\xampp\htdocs\ci_auth_project\system\CodeIgniter.php(340): CodeIgniter\CodeIgniter->handleRequest(NULL, Object(Config\Cache), false)
#11 C:\xampp\htdocs\ci_auth_project\system\Boot.php(417): CodeIgniter\CodeIgniter->run()
#12 C:\xampp\htdocs\ci_auth_project\system\Boot.php(68): CodeIgniter\Boot::runCodeIgniter(Object(CodeIgniter\CodeIgniter))
#13 C:\xampp\htdocs\ci_auth_project\public\index.php(59): CodeIgniter\Boot::bootWeb(Object(Config\Paths))
#14 {main}

Next CodeIgniter\Database\Exceptions\DatabaseException: Access denied for user '****'@'localhost' (using password: YES) in C:\xampp\htdocs\ci_auth_project\system\Database\MySQLi\Connection.php:231
Stack trace:
#0 C:\xampp\htdocs\ci_auth_project\system\Database\BaseConnection.php(555): CodeIgniter\Database\MySQLi\Connection->connect(false)
#1 C:\xampp\htdocs\ci_auth_project\system\Database\BaseConnection.php(795): CodeIgniter\Database\BaseConnection->initialize()
#2 C:\xampp\htdocs\ci_auth_project\system\Database\BaseBuilder.php(2345): CodeIgniter\Database\BaseConnection->query('INSERT INTO `au...', Array, false)
#3 C:\xampp\htdocs\ci_auth_project\system\Model.php(355): CodeIgniter\Database\BaseBuilder->insert()
#4 C:\xampp\htdocs\ci_auth_project\system\BaseModel.php(899): CodeIgniter\Model->doInsert(Array)
#5 C:\xampp\htdocs\ci_auth_project\system\Model.php(668): CodeIgniter\BaseModel->insert(Array, true)
#6 C:\xampp\htdocs\ci_auth_project\app\Controllers\AuthController.php(21): CodeIgniter\Model->insert(Array)
#7 C:\xampp\htdocs\ci_auth_project\system\CodeIgniter.php(951): App\Controllers\AuthController->register()
#8 C:\xampp\htdocs\ci_auth_project\system\CodeIgniter.php(497): CodeIgniter\CodeIgniter->runController(Object(App\Controllers\AuthController))
#9 C:\xampp\htdocs\ci_auth_project\system\CodeIgniter.php(340): CodeIgniter\CodeIgniter->handleRequest(NULL, Object(Config\Cache), false)
#10 C:\xampp\htdocs\ci_auth_project\system\Boot.php(417): CodeIgniter\CodeIgniter->run()
#11 C:\xampp\htdocs\ci_auth_project\system\Boot.php(68): CodeIgniter\Boot::runCodeIgniter(Object(CodeIgniter\CodeIgniter))
#12 C:\xampp\htdocs\ci_auth_project\public\index.php(59): CodeIgniter\Boot::bootWeb(Object(Config\Paths))
#13 {main}
CRITICAL - 2026-03-26 18:39:27 --> CodeIgniter\Database\Exceptions\DatabaseException: Unable to connect to the database.
Main connection [MySQLi]: Access denied for user '****'@'localhost' (using password: YES)
[Method: POST, Route: api/register]
in SYSTEMPATH\Database\BaseConnection.php on line 606.
 1 SYSTEMPATH\Database\BaseConnection.php(795): CodeIgniter\Database\BaseConnection->initialize()
 2 SYSTEMPATH\Database\BaseBuilder.php(2345): CodeIgniter\Database\BaseConnection->query('INSERT INTO `auth_user` (`email`, `first_name`, `last_name`, `password`, `created_at`) VALUES (:email:, :first_name:, :last_name:, :password:, :created_at:)', [...], false)
 3 SYSTEMPATH\Model.php(355): CodeIgniter\Database\BaseBuilder->insert()
 4 SYSTEMPATH\BaseModel.php(899): CodeIgniter\Model->doInsert([...])
 5 SYSTEMPATH\Model.php(668): CodeIgniter\BaseModel->insert([...], true)
 6 APPPATH\Controllers\AuthController.php(21): CodeIgniter\Model->insert([...])
 7 SYSTEMPATH\CodeIgniter.php(951): App\Controllers\AuthController->register()
 8 SYSTEMPATH\CodeIgniter.php(497): CodeIgniter\CodeIgniter->runController(Object(App\Controllers\AuthController))
 9 SYSTEMPATH\CodeIgniter.php(340): CodeIgniter\CodeIgniter->handleRequest(null, Object(Config\Cache), false)
10 SYSTEMPATH\Boot.php(417): CodeIgniter\CodeIgniter->run()
11 SYSTEMPATH\Boot.php(68): CodeIgniter\Boot::runCodeIgniter(Object(CodeIgniter\CodeIgniter))
12 FCPATH\index.php(59): CodeIgniter\Boot::bootWeb(Object(Config\Paths))
ERROR - 2026-03-26 18:41:50 --> Error connecting to the database: mysqli_sql_exception: Access denied for user 'root'@'localhost' (using password: YES) in C:\xampp\htdocs\ci_auth_project\system\Database\MySQLi\Connection.php:201
Stack trace:
#0 C:\xampp\htdocs\ci_auth_project\system\Database\MySQLi\Connection.php(201): mysqli->real_connect('localhost', 'root', Object(SensitiveParameterValue), 'ci_auth_db', 3306, '', 0)
#1 C:\xampp\htdocs\ci_auth_project\system\Database\BaseConnection.php(555): CodeIgniter\Database\MySQLi\Connection->connect(false)
#2 C:\xampp\htdocs\ci_auth_project\system\Database\BaseConnection.php(795): CodeIgniter\Database\BaseConnection->initialize()
#3 C:\xampp\htdocs\ci_auth_project\system\Database\BaseBuilder.php(2345): CodeIgniter\Database\BaseConnection->query('INSERT INTO `au...', Array, false)
#4 C:\xampp\htdocs\ci_auth_project\system\Model.php(355): CodeIgniter\Database\BaseBuilder->insert()
#5 C:\xampp\htdocs\ci_auth_project\system\BaseModel.php(899): CodeIgniter\Model->doInsert(Array)
#6 C:\xampp\htdocs\ci_auth_project\system\Model.php(668): CodeIgniter\BaseModel->insert(Array, true)
#7 C:\xampp\htdocs\ci_auth_project\app\Controllers\AuthController.php(21): CodeIgniter\Model->insert(Array)
#8 C:\xampp\htdocs\ci_auth_project\system\CodeIgniter.php(951): App\Controllers\AuthController->register()
#9 C:\xampp\htdocs\ci_auth_project\system\CodeIgniter.php(497): CodeIgniter\CodeIgniter->runController(Object(App\Controllers\AuthController))
#10 C:\xampp\htdocs\ci_auth_project\system\CodeIgniter.php(340): CodeIgniter\CodeIgniter->handleRequest(NULL, Object(Config\Cache), false)
#11 C:\xampp\htdocs\ci_auth_project\system\Boot.php(417): CodeIgniter\CodeIgniter->run()
#12 C:\xampp\htdocs\ci_auth_project\system\Boot.php(68): CodeIgniter\Boot::runCodeIgniter(Object(CodeIgniter\CodeIgniter))
#13 C:\xampp\htdocs\ci_auth_project\public\index.php(59): CodeIgniter\Boot::bootWeb(Object(Config\Paths))
#14 {main}

Next CodeIgniter\Database\Exceptions\DatabaseException: Access denied for user '****'@'localhost' (using password: YES) in C:\xampp\htdocs\ci_auth_project\system\Database\MySQLi\Connection.php:231
Stack trace:
#0 C:\xampp\htdocs\ci_auth_project\system\Database\BaseConnection.php(555): CodeIgniter\Database\MySQLi\Connection->connect(false)
#1 C:\xampp\htdocs\ci_auth_project\system\Database\BaseConnection.php(795): CodeIgniter\Database\BaseConnection->initialize()
#2 C:\xampp\htdocs\ci_auth_project\system\Database\BaseBuilder.php(2345): CodeIgniter\Database\BaseConnection->query('INSERT INTO `au...', Array, false)
#3 C:\xampp\htdocs\ci_auth_project\system\Model.php(355): CodeIgniter\Database\BaseBuilder->insert()
#4 C:\xampp\htdocs\ci_auth_project\system\BaseModel.php(899): CodeIgniter\Model->doInsert(Array)
#5 C:\xampp\htdocs\ci_auth_project\system\Model.php(668): CodeIgniter\BaseModel->insert(Array, true)
#6 C:\xampp\htdocs\ci_auth_project\app\Controllers\AuthController.php(21): CodeIgniter\Model->insert(Array)
#7 C:\xampp\htdocs\ci_auth_project\system\CodeIgniter.php(951): App\Controllers\AuthController->register()
#8 C:\xampp\htdocs\ci_auth_project\system\CodeIgniter.php(497): CodeIgniter\CodeIgniter->runController(Object(App\Controllers\AuthController))
#9 C:\xampp\htdocs\ci_auth_project\system\CodeIgniter.php(340): CodeIgniter\CodeIgniter->handleRequest(NULL, Object(Config\Cache), false)
#10 C:\xampp\htdocs\ci_auth_project\system\Boot.php(417): CodeIgniter\CodeIgniter->run()
#11 C:\xampp\htdocs\ci_auth_project\system\Boot.php(68): CodeIgniter\Boot::runCodeIgniter(Object(CodeIgniter\CodeIgniter))
#12 C:\xampp\htdocs\ci_auth_project\public\index.php(59): CodeIgniter\Boot::bootWeb(Object(Config\Paths))
#13 {main}
CRITICAL - 2026-03-26 18:41:50 --> CodeIgniter\Database\Exceptions\DatabaseException: Unable to connect to the database.
Main connection [MySQLi]: Access denied for user '****'@'localhost' (using password: YES)
[Method: POST, Route: api/register]
in SYSTEMPATH\Database\BaseConnection.php on line 606.
 1 SYSTEMPATH\Database\BaseConnection.php(795): CodeIgniter\Database\BaseConnection->initialize()
 2 SYSTEMPATH\Database\BaseBuilder.php(2345): CodeIgniter\Database\BaseConnection->query('INSERT INTO `auth_user` (`email`, `first_name`, `last_name`, `password`, `created_at`) VALUES (:email:, :first_name:, :last_name:, :password:, :created_at:)', [...], false)
 3 SYSTEMPATH\Model.php(355): CodeIgniter\Database\BaseBuilder->insert()
 4 SYSTEMPATH\BaseModel.php(899): CodeIgniter\Model->doInsert([...])
 5 SYSTEMPATH\Model.php(668): CodeIgniter\BaseModel->insert([...], true)
 6 APPPATH\Controllers\AuthController.php(21): CodeIgniter\Model->insert([...])
 7 SYSTEMPATH\CodeIgniter.php(951): App\Controllers\AuthController->register()
 8 SYSTEMPATH\CodeIgniter.php(497): CodeIgniter\CodeIgniter->runController(Object(App\Controllers\AuthController))
 9 SYSTEMPATH\CodeIgniter.php(340): CodeIgniter\CodeIgniter->handleRequest(null, Object(Config\Cache), false)
10 SYSTEMPATH\Boot.php(417): CodeIgniter\CodeIgniter->run()
11 SYSTEMPATH\Boot.php(68): CodeIgniter\Boot::runCodeIgniter(Object(CodeIgniter\CodeIgniter))
12 FCPATH\index.php(59): CodeIgniter\Boot::bootWeb(Object(Config\Paths))
